<?xml version="1.0" encoding="UTF-8"?>
<!-- Generated by org.testng.reporters.JUnitReportReporter -->
<testsuite hostname="DESKTOP-FJIU9BU" failures="0" tests="1" name="Seleniumwindowhandles.windowhandles.windowhandles" time="2.509" errors="0" timestamp="2024-09-01T13:29:17 BST" skipped="0">
  <testcase classname="Seleniumwindowhandles.windowhandles.windowhandles" name="handlewindows" time="2.509"/>
</testsuite> <!-- Seleniumwindowhandles.windowhandles.windowhandles -->
